::1 - - [01/Jul/2022:23:47:26 +0000] "GET /posts HTTP/1.1" 200 206 "-" "PostmanRuntime/7.29.0"
::1 - - [01/Jul/2022:23:48:15 +0000] "POST /posts HTTP/1.1" 200 95 "-" "PostmanRuntime/7.29.0"
::1 - - [01/Jul/2022:23:48:23 +0000] "POST /posts HTTP/1.1" 200 95 "-" "PostmanRuntime/7.29.0"
::1 - - [01/Jul/2022:23:50:35 +0000] "DELETE /post/62bf87c7d327f1b1fcc02a2d HTTP/1.1" 200 95 "-" "PostmanRuntime/7.29.0"
::1 - - [01/Jul/2022:23:52:05 +0000] "GET /posts HTTP/1.1" 200 414 "-" "PostmanRuntime/7.29.0"
::1 - - [02/Jul/2022:12:38:18 +0000] "GET /posts HTTP/1.1" 500 19 "-" "PostmanRuntime/7.29.0"
::1 - - [02/Jul/2022:12:39:41 +0000] "GET /posts HTTP/1.1" 500 19 "-" "PostmanRuntime/7.29.0"
::1 - - [02/Jul/2022:12:40:35 +0000] "GET /posts HTTP/1.1" 500 19 "-" "PostmanRuntime/7.29.0"
::1 - - [02/Jul/2022:12:45:01 +0000] "GET /posts HTTP/1.1" 200 2 "-" "PostmanRuntime/7.29.0"
::1 - - [02/Jul/2022:12:51:03 +0000] "GET /posts HTTP/1.1" 200 2 "-" "PostmanRuntime/7.29.0"
::1 - - [02/Jul/2022:12:52:17 +0000] "GET /posts HTTP/1.1" 200 2 "-" "PostmanRuntime/7.29.0"
::1 - - [02/Jul/2022:12:52:55 +0000] "GET /posts HTTP/1.1" 200 414 "-" "PostmanRuntime/7.29.0"
::1 - - [02/Jul/2022:12:54:33 +0000] "GET /posts HTTP/1.1" 500 19 "-" "PostmanRuntime/7.29.0"
::1 - - [02/Jul/2022:12:55:38 +0000] "GET /posts HTTP/1.1" 500 19 "-" "PostmanRuntime/7.29.0"
::1 - - [02/Jul/2022:12:56:08 +0000] "GET /posts HTTP/1.1" 500 19 "-" "PostmanRuntime/7.29.0"
::1 - - [02/Jul/2022:12:59:23 +0000] "GET /posts HTTP/1.1" 500 19 "-" "PostmanRuntime/7.29.0"
::1 - - [02/Jul/2022:13:13:12 +0000] "GET /posts HTTP/1.1" 500 19 "-" "PostmanRuntime/7.29.0"
::1 - - [02/Jul/2022:13:14:15 +0000] "GET /posts HTTP/1.1" 200 414 "-" "PostmanRuntime/7.29.0"
::1 - - [02/Jul/2022:13:14:44 +0000] "GET /posts/62bf68edebc428c73c80ccf4 HTTP/1.1" 200 206 "-" "PostmanRuntime/7.29.0"
::1 - - [02/Jul/2022:13:16:00 +0000] "PUT /post/62bf68edebc428c73c80ccf4 HTTP/1.1" 200 482 "-" "PostmanRuntime/7.29.0"
::1 - - [02/Jul/2022:13:16:32 +0000] "PUT /post/62bf68edebc428c73c80ccf4 HTTP/1.1" 200 126 "-" "PostmanRuntime/7.29.0"
::1 - - [02/Jul/2022:13:18:20 +0000] "POST /posts HTTP/1.1" 200 98 "-" "PostmanRuntime/7.29.0"
::1 - - [02/Jul/2022:13:18:33 +0000] "GET /posts HTTP/1.1" 200 628 "-" "PostmanRuntime/7.29.0"
::1 - - [02/Jul/2022:13:19:30 +0000] "DELETE /post/62c0459c58ab341e90dfa458 HTTP/1.1" 200 98 "-" "PostmanRuntime/7.29.0"
::1 - - [02/Jul/2022:13:19:43 +0000] "GET /posts HTTP/1.1" 200 417 "-" "PostmanRuntime/7.29.0"
::1 - - [02/Jul/2022:13:20:01 +0000] "DELETE /post/62bf68edebc428c73c80ccf4 HTTP/1.1" 200 98 "-" "PostmanRuntime/7.29.0"
::1 - - [02/Jul/2022:13:20:08 +0000] "GET /posts HTTP/1.1" 200 209 "-" "PostmanRuntime/7.29.0"
::1 - - [02/Jul/2022:13:20:25 +0000] "DELETE /post/62bf87bfd327f1b1fcc02a2b HTTP/1.1" 200 95 "-" "PostmanRuntime/7.29.0"
::1 - - [02/Jul/2022:13:20:32 +0000] "GET /posts HTTP/1.1" 200 2 "-" "PostmanRuntime/7.29.0"
::1 - - [02/Jul/2022:13:38:44 +0000] "POST /users HTTP/1.1" 200 135 "-" "PostmanRuntime/7.29.0"
::1 - - [02/Jul/2022:13:38:54 +0000] "GET /users HTTP/1.1" 500 19 "-" "PostmanRuntime/7.29.0"
::1 - - [02/Jul/2022:13:39:01 +0000] "GET /users HTTP/1.1" 500 19 "-" "PostmanRuntime/7.29.0"
::1 - - [02/Jul/2022:14:01:32 +0000] "GET /users HTTP/1.1" 200 549 "-" "PostmanRuntime/7.29.0"
::1 - - [02/Jul/2022:14:03:39 +0000] "PUT /users/62c04a645d901b7f7fc77ace HTTP/1.1" 200 163 "-" "PostmanRuntime/7.29.0"
::1 - - [02/Jul/2022:14:06:06 +0000] "DELETE /user/62c04a645d901b7f7fc77ace HTTP/1.1" 200 138 "-" "PostmanRuntime/7.29.0"
::1 - - [02/Jul/2022:14:40:56 +0000] "POST /users HTTP/1.1" 200 135 "-" "PostmanRuntime/7.29.0"
::1 - - [02/Jul/2022:14:41:15 +0000] "POST /users HTTP/1.1" 200 138 "-" "PostmanRuntime/7.29.0"
::1 - - [02/Jul/2022:14:41:31 +0000] "POST /users HTTP/1.1" 200 136 "-" "PostmanRuntime/7.29.0"
::1 - - [02/Jul/2022:14:41:44 +0000] "GET /users HTTP/1.1" 200 413 "-" "PostmanRuntime/7.29.0"
::1 - - [02/Jul/2022:14:42:15 +0000] "DELETE /user/62c0590bf7ecbc4411fc3ed9 HTTP/1.1" 200 138 "-" "PostmanRuntime/7.29.0"
::1 - - [02/Jul/2022:14:42:22 +0000] "GET /users HTTP/1.1" 200 274 "-" "PostmanRuntime/7.29.0"
::1 - - [02/Jul/2022:14:42:47 +0000] "PUT /users/62c0591bf7ecbc4411fc3edb HTTP/1.1" 200 164 "-" "PostmanRuntime/7.29.0"
::1 - - [02/Jul/2022:14:42:58 +0000] "GET /users HTTP/1.1" 200 276 "-" "PostmanRuntime/7.29.0"
::1 - - [02/Jul/2022:14:43:16 +0000] "POST /posts HTTP/1.1" 200 95 "-" "PostmanRuntime/7.29.0"
::1 - - [02/Jul/2022:14:43:24 +0000] "POST /posts HTTP/1.1" 200 95 "-" "PostmanRuntime/7.29.0"
::1 - - [02/Jul/2022:14:43:31 +0000] "GET /posts HTTP/1.1" 200 149 "-" "PostmanRuntime/7.29.0"
::1 - - [02/Jul/2022:14:44:21 +0000] "POST /posts HTTP/1.1" 200 95 "-" "PostmanRuntime/7.29.0"
::1 - - [02/Jul/2022:14:44:28 +0000] "GET /posts HTTP/1.1" 200 357 "-" "PostmanRuntime/7.29.0"
